This file contains any messages produced by compilers while
running configure, to aid debugging if configure makes a mistake.

It was created by configure, which was
generated by GNU Autoconf 2.71.  Invocation command line was

  $ ./configure --disable-option-checking --prefix=/usr/local --cache-file=/dev/null --srcdir=.

## --------- ##
## Platform. ##
## --------- ##

hostname = colum-HP-ProDesk-400-G1-SFF
uname -m = x86_64
uname -r = 5.15.0-105-generic
uname -s = Linux
uname -v = #115-Ubuntu SMP Mon Apr 15 09:52:04 UTC 2024

/usr/bin/uname -p = x86_64
/bin/uname -X     = unknown

/bin/arch              = x86_64
/usr/bin/arch -k       = unknown
/usr/convex/getsysinfo = unknown
/usr/bin/hostinfo      = unknown
/bin/machine           = unknown
/usr/bin/oslevel       = unknown
/bin/universe          = unknown

PATH: /usr/prebin/
PATH: /home/colum/.local/bin/
PATH: /home/colum/bin/
PATH: ~/bin/
PATH: /usr/local/sbin/
PATH: /usr/local/bin/
PATH: /usr/sbin/
PATH: /usr/bin/
PATH: /sbin/
PATH: /bin/
PATH: /usr/games/
PATH: /usr/local/games/
PATH: /snap/bin/


## ----------- ##
## Core tests. ##
## ----------- ##

configure:2467: checking for gcc
configure:2488: found /usr/bin/gcc
configure:2499: result: gcc
configure:2852: checking for C compiler version
configure:2861: gcc --version >&5
gcc (Ubuntu 11.4.0-1ubuntu1~22.04) 11.4.0
Copyright (C) 2021 Free Software Foundation, Inc.
This is free software; see the source for copying conditions.  There is NO
warranty; not even for MERCHANTABILITY or FITNESS FOR A PARTICULAR PURPOSE.

configure:2872: $? = 0
configure:2861: gcc -v >&5
Using built-in specs.
COLLECT_GCC=gcc
COLLECT_LTO_WRAPPER=/usr/lib/gcc/x86_64-linux-gnu/11/lto-wrapper
OFFLOAD_TARGET_NAMES=nvptx-none:amdgcn-amdhsa
OFFLOAD_TARGET_DEFAULT=1
Target: x86_64-linux-gnu
Configured with: ../src/configure -v --with-pkgversion='Ubuntu 11.4.0-1ubuntu1~22.04' --with-bugurl=file:///usr/share/doc/gcc-11/README.Bugs --enable-languages=c,ada,c++,go,brig,d,fortran,objc,obj-c++,m2 --prefix=/usr --with-gcc-major-version-only --program-suffix=-11 --program-prefix=x86_64-linux-gnu- --enable-shared --enable-linker-build-id --libexecdir=/usr/lib --without-included-gettext --enable-threads=posix --libdir=/usr/lib --enable-nls --enable-bootstrap --enable-clocale=gnu --enable-libstdcxx-debug --enable-libstdcxx-time=yes --with-default-libstdcxx-abi=new --enable-gnu-unique-object --disable-vtable-verify --enable-plugin --enable-default-pie --with-system-zlib --enable-libphobos-checking=release --with-target-system-zlib=auto --enable-objc-gc=auto --enable-multiarch --disable-werror --enable-cet --with-arch-32=i686 --with-abi=m64 --with-multilib-list=m32,m64,mx32 --enable-multilib --with-tune=generic --enable-offload-targets=nvptx-none=/build/gcc-11-XeT9lY/gcc-11-11.4.0/debian/tmp-nvptx/usr,amdgcn-amdhsa=/build/gcc-11-XeT9lY/gcc-11-11.4.0/debian/tmp-gcn/usr --without-cuda-driver --enable-checking=release --build=x86_64-linux-gnu --host=x86_64-linux-gnu --target=x86_64-linux-gnu --with-build-config=bootstrap-lto-lean --enable-link-serialization=2
Thread model: posix
Supported LTO compression algorithms: zlib zstd
gcc version 11.4.0 (Ubuntu 11.4.0-1ubuntu1~22.04) 
... rest of stderr output deleted ...
configure:2872: $? = 0
configure:2861: gcc -V >&5
gcc: error: unrecognized command-line option '-V'
gcc: fatal error: no input files
compilation terminated.
configure:2872: $? = 1
configure:2861: gcc -qversion >&5
gcc: error: unrecognized command-line option '-qversion'; did you mean '--version'?
gcc: fatal error: no input files
compilation terminated.
configure:2872: $? = 1
configure:2861: gcc -version >&5
gcc: error: unrecognized command-line option '-version'
gcc: fatal error: no input files
compilation terminated.
configure:2872: $? = 1
configure:2892: checking whether the C compiler works
configure:2914: gcc    conftest.c  >&5
configure:2918: $? = 0
configure:2968: result: yes
configure:2971: checking for C compiler default output file name
configure:2973: result: a.out
configure:2979: checking for suffix of executables
configure:2986: gcc -o conftest    conftest.c  >&5
configure:2990: $? = 0
configure:3013: result: 
configure:3035: checking whether we are cross compiling
configure:3043: gcc -o conftest    conftest.c  >&5
configure:3047: $? = 0
configure:3054: ./conftest
configure:3058: $? = 0
configure:3073: result: no
configure:3078: checking for suffix of object files
configure:3101: gcc -c   conftest.c >&5
configure:3105: $? = 0
configure:3127: result: o
configure:3131: checking whether the compiler supports GNU C
configure:3151: gcc -c   conftest.c >&5
configure:3151: $? = 0
configure:3161: result: yes
configure:3172: checking whether gcc accepts -g
configure:3193: gcc -c -g  conftest.c >&5
configure:3193: $? = 0
configure:3237: result: yes
configure:3257: checking for gcc option to enable C11 features
configure:3272: gcc  -c -g -O2  conftest.c >&5
configure:3272: $? = 0
configure:3290: result: none needed
configure:3406: checking whether make sets $(MAKE)
configure:3429: result: yes
configure:3438: checking for grep that handles long lines and -e
configure:3502: result: /usr/bin/grep
configure:3507: checking for egrep
configure:3575: result: /usr/bin/grep -E
configure:3589: checking for special C compiler options needed for large files
configure:3637: result: no
configure:3643: checking for _FILE_OFFSET_BITS value needed for large files
configure:3669: gcc -c -g -O2  conftest.c >&5
configure:3669: $? = 0
configure:3703: result: no
configure:3894: checking for get_current_dir_name in -lc
configure:3917: gcc -o conftest -g -O2   conftest.c -lc   >&5
configure:3917: $? = 0
configure:3927: result: yes
configure:3945: checking for ptsname_r
configure:3945: gcc -o conftest -g -O2   conftest.c -lc  >&5
configure:3945: $? = 0
configure:3945: result: yes
configure:3951: checking for clearenv
configure:3951: gcc -o conftest -g -O2   conftest.c -lc  >&5
configure:3951: $? = 0
configure:3951: result: yes
configure:3957: checking for setresuid
configure:3957: gcc -o conftest -g -O2   conftest.c -lc  >&5
configure:3957: $? = 0
configure:3957: result: yes
configure:3963: checking for initgroups
configure:3963: gcc -o conftest -g -O2   conftest.c -lc  >&5
configure:3963: $? = 0
configure:3963: result: yes
configure:3969: checking for poll
configure:3969: gcc -o conftest -g -O2   conftest.c -lc  >&5
configure:3969: $? = 0
configure:3969: result: yes
configure:3975: checking for mlock
configure:3975: gcc -o conftest -g -O2   conftest.c -lc  >&5
configure:3975: $? = 0
configure:3975: result: yes
configure:3981: checking for mlockall
configure:3981: gcc -o conftest -g -O2   conftest.c -lc  >&5
configure:3981: $? = 0
configure:3981: result: yes
configure:3987: checking for munlockall
configure:3987: gcc -o conftest -g -O2   conftest.c -lc  >&5
configure:3987: $? = 0
configure:3987: result: yes
configure:3993: checking for madvise
configure:3993: gcc -o conftest -g -O2   conftest.c -lc  >&5
configure:3993: $? = 0
configure:3993: result: yes
configure:3999: checking for htonll
configure:3999: gcc -o conftest -g -O2   conftest.c -lc  >&5
/usr/bin/ld: /tmp/ccztPBo4.o: in function `main':
/home/colum/work/filewatch/libUseful/conftest.c:47: undefined reference to `htonll'
collect2: error: ld returned 1 exit status
configure:3999: $? = 1
configure: failed program was:
| /* confdefs.h */
| #define PACKAGE_NAME ""
| #define PACKAGE_TARNAME ""
| #define PACKAGE_VERSION ""
| #define PACKAGE_STRING ""
| #define PACKAGE_BUGREPORT ""
| #define PACKAGE_URL ""
| #define HAVE_LIBC 1
| #define HAVE_GET_CURR_DIR 1
| #define HAVE_PTSNAME_R 1
| #define HAVE_CLEARENV 1
| #define HAVE_SETRESUID 1
| #define HAVE_INITGROUPS 1
| #define HAVE_POLL 1
| #define HAVE_MLOCK 1
| #define HAVE_MLOCKALL 1
| #define HAVE_MUNLOCKALL 1
| #define HAVE_MADVISE 1
| /* end confdefs.h.  */
| /* Define htonll to an innocuous variant, in case <limits.h> declares htonll.
|    For example, HP-UX 11i <limits.h> declares gettimeofday.  */
| #define htonll innocuous_htonll
| 
| /* System header to define __stub macros and hopefully few prototypes,
|    which can conflict with char htonll (); below.  */
| 
| #include <limits.h>
| #undef htonll
| 
| /* Override any GCC internal prototype to avoid an error.
|    Use char because int might match the return type of a GCC
|    builtin and then its argument prototype would still apply.  */
| #ifdef __cplusplus
| extern "C"
| #endif
| char htonll ();
| /* The GNU C library defines this for functions which it implements
|     to always fail with ENOSYS.  Some functions are actually named
|     something starting with __ and the normal name is an alias.  */
| #if defined __stub_htonll || defined __stub___htonll
| choke me
| #endif
| 
| int
| main (void)
| {
| return htonll ();
|   ;
|   return 0;
| }
configure:3999: result: no
configure:4005: checking for ntohll
configure:4005: gcc -o conftest -g -O2   conftest.c -lc  >&5
/usr/bin/ld: /tmp/cco9NCLa.o: in function `main':
/home/colum/work/filewatch/libUseful/conftest.c:47: undefined reference to `ntohll'
collect2: error: ld returned 1 exit status
configure:4005: $? = 1
configure: failed program was:
| /* confdefs.h */
| #define PACKAGE_NAME ""
| #define PACKAGE_TARNAME ""
| #define PACKAGE_VERSION ""
| #define PACKAGE_STRING ""
| #define PACKAGE_BUGREPORT ""
| #define PACKAGE_URL ""
| #define HAVE_LIBC 1
| #define HAVE_GET_CURR_DIR 1
| #define HAVE_PTSNAME_R 1
| #define HAVE_CLEARENV 1
| #define HAVE_SETRESUID 1
| #define HAVE_INITGROUPS 1
| #define HAVE_POLL 1
| #define HAVE_MLOCK 1
| #define HAVE_MLOCKALL 1
| #define HAVE_MUNLOCKALL 1
| #define HAVE_MADVISE 1
| /* end confdefs.h.  */
| /* Define ntohll to an innocuous variant, in case <limits.h> declares ntohll.
|    For example, HP-UX 11i <limits.h> declares gettimeofday.  */
| #define ntohll innocuous_ntohll
| 
| /* System header to define __stub macros and hopefully few prototypes,
|    which can conflict with char ntohll (); below.  */
| 
| #include <limits.h>
| #undef ntohll
| 
| /* Override any GCC internal prototype to avoid an error.
|    Use char because int might match the return type of a GCC
|    builtin and then its argument prototype would still apply.  */
| #ifdef __cplusplus
| extern "C"
| #endif
| char ntohll ();
| /* The GNU C library defines this for functions which it implements
|     to always fail with ENOSYS.  Some functions are actually named
|     something starting with __ and the normal name is an alias.  */
| #if defined __stub_ntohll || defined __stub___ntohll
| choke me
| #endif
| 
| int
| main (void)
| {
| return ntohll ();
|   ;
|   return 0;
| }
configure:4005: result: no
configure:4011: checking for mkostemp
configure:4011: gcc -o conftest -g -O2   conftest.c -lc  >&5
configure:4011: $? = 0
configure:4011: result: yes
configure:4017: checking for mount
configure:4017: gcc -o conftest -g -O2   conftest.c -lc  >&5
configure:4017: $? = 0
configure:4017: result: yes
configure:4023: checking for umount
configure:4023: gcc -o conftest -g -O2   conftest.c -lc  >&5
configure:4023: $? = 0
configure:4023: result: yes
configure:4029: checking for umount2
configure:4029: gcc -o conftest -g -O2   conftest.c -lc  >&5
configure:4029: $? = 0
configure:4029: result: yes
configure:4035: checking for getentropy
configure:4035: gcc -o conftest -g -O2   conftest.c -lc  >&5
configure:4035: $? = 0
configure:4035: result: yes
configure:4058: checking for stdio.h
configure:4058: gcc -c -g -O2  conftest.c >&5
configure:4058: $? = 0
configure:4058: result: yes
configure:4058: checking for stdlib.h
configure:4058: gcc -c -g -O2  conftest.c >&5
configure:4058: $? = 0
configure:4058: result: yes
configure:4058: checking for string.h
configure:4058: gcc -c -g -O2  conftest.c >&5
configure:4058: $? = 0
configure:4058: result: yes
configure:4058: checking for inttypes.h
configure:4058: gcc -c -g -O2  conftest.c >&5
configure:4058: $? = 0
configure:4058: result: yes
configure:4058: checking for stdint.h
configure:4058: gcc -c -g -O2  conftest.c >&5
configure:4058: $? = 0
configure:4058: result: yes
configure:4058: checking for strings.h
configure:4058: gcc -c -g -O2  conftest.c >&5
configure:4058: $? = 0
configure:4058: result: yes
configure:4058: checking for sys/stat.h
configure:4058: gcc -c -g -O2  conftest.c >&5
configure:4058: $? = 0
configure:4058: result: yes
configure:4058: checking for sys/types.h
configure:4058: gcc -c -g -O2  conftest.c >&5
configure:4058: $? = 0
configure:4058: result: yes
configure:4058: checking for unistd.h
configure:4058: gcc -c -g -O2  conftest.c >&5
configure:4058: $? = 0
configure:4058: result: yes
configure:4083: checking for sys/sendfile.h
configure:4083: gcc -c -g -O2  conftest.c >&5
configure:4083: $? = 0
configure:4083: result: yes
configure:4093: checking for sendfile
configure:4093: gcc -o conftest -g -O2   conftest.c -lc  >&5
configure:4093: $? = 0
configure:4093: result: yes
configure:4131: checking for getxattr in -lc
configure:4154: gcc -o conftest -g -O2   conftest.c -lc  -lc  >&5
configure:4154: $? = 0
configure:4164: result: yes
configure:4193: checking for unshare in -lc
configure:4216: gcc -o conftest -g -O2   conftest.c -lc  -lc -lc  >&5
configure:4216: $? = 0
configure:4226: result: yes
configure:4243: checking for setns in -lc
configure:4266: gcc -o conftest -g -O2   conftest.c -lc  -lc -lc -lc  >&5
configure:4266: $? = 0
configure:4276: result: yes
configure:4308: checking for openssl/crypto.h
configure:4308: gcc -c -g -O2  conftest.c >&5
configure:4308: $? = 0
configure:4308: result: yes
configure:4314: checking for openssl/ssl.h
configure:4314: gcc -c -g -O2  conftest.c >&5
configure:4314: $? = 0
configure:4314: result: yes
configure:4329: checking for EVP_CIPHER_CTX_init in -lcrypto
configure:4352: gcc -o conftest -g -O2   conftest.c -lcrypto  -lc -lc -lc -lc  >&5
/usr/bin/ld: /tmp/ccAzD2hF.o: in function `main':
/home/colum/work/filewatch/libUseful/conftest.c:51: undefined reference to `EVP_CIPHER_CTX_init'
collect2: error: ld returned 1 exit status
configure:4352: $? = 1
configure: failed program was:
| /* confdefs.h */
| #define PACKAGE_NAME ""
| #define PACKAGE_TARNAME ""
| #define PACKAGE_VERSION ""
| #define PACKAGE_STRING ""
| #define PACKAGE_BUGREPORT ""
| #define PACKAGE_URL ""
| #define HAVE_LIBC 1
| #define HAVE_GET_CURR_DIR 1
| #define HAVE_PTSNAME_R 1
| #define HAVE_CLEARENV 1
| #define HAVE_SETRESUID 1
| #define HAVE_INITGROUPS 1
| #define HAVE_POLL 1
| #define HAVE_MLOCK 1
| #define HAVE_MLOCKALL 1
| #define HAVE_MUNLOCKALL 1
| #define HAVE_MADVISE 1
| #define HAVE_MKOSTEMP 1
| #define HAVE_MOUNT 1
| #define HAVE_UMOUNT 1
| #define HAVE_UMOUNT2 1
| #define HAVE_GETENTROPY 1
| #define HAVE_STDIO_H 1
| #define HAVE_STDLIB_H 1
| #define HAVE_STRING_H 1
| #define HAVE_INTTYPES_H 1
| #define HAVE_STDINT_H 1
| #define HAVE_STRINGS_H 1
| #define HAVE_SYS_STAT_H 1
| #define HAVE_SYS_TYPES_H 1
| #define HAVE_UNISTD_H 1
| #define STDC_HEADERS 1
| #define HAVE_SENDFILE 1
| #define USE_INET6 1
| #define HAVE_LIBC 1
| #define HAVE_XATTR 1
| #define HAVE_LIBC 1
| #define HAVE_UNSHARE 1
| #define HAVE_LIBC 1
| #define HAVE_SETNS 1
| /* end confdefs.h.  */
| 
| /* Override any GCC internal prototype to avoid an error.
|    Use char because int might match the return type of a GCC
|    builtin and then its argument prototype would still apply.  */
| char EVP_CIPHER_CTX_init ();
| int
| main (void)
| {
| return EVP_CIPHER_CTX_init ();
|   ;
|   return 0;
| }
configure:4362: result: no
configure:4376: checking for EVP_CIPHER_CTX_new in -lcrypto
configure:4399: gcc -o conftest -g -O2   conftest.c -lcrypto  -lc -lc -lc -lc  >&5
configure:4399: $? = 0
configure:4409: result: yes
configure:4423: checking for SSL_library_init in -lssl
configure:4446: gcc -o conftest -g -O2   conftest.c -lssl  -lcrypto -lc -lc -lc -lc  >&5
/usr/bin/ld: /tmp/ccR7eKAV.o: in function `main':
/home/colum/work/filewatch/libUseful/conftest.c:52: undefined reference to `SSL_library_init'
collect2: error: ld returned 1 exit status
configure:4446: $? = 1
configure: failed program was:
| /* confdefs.h */
| #define PACKAGE_NAME ""
| #define PACKAGE_TARNAME ""
| #define PACKAGE_VERSION ""
| #define PACKAGE_STRING ""
| #define PACKAGE_BUGREPORT ""
| #define PACKAGE_URL ""
| #define HAVE_LIBC 1
| #define HAVE_GET_CURR_DIR 1
| #define HAVE_PTSNAME_R 1
| #define HAVE_CLEARENV 1
| #define HAVE_SETRESUID 1
| #define HAVE_INITGROUPS 1
| #define HAVE_POLL 1
| #define HAVE_MLOCK 1
| #define HAVE_MLOCKALL 1
| #define HAVE_MUNLOCKALL 1
| #define HAVE_MADVISE 1
| #define HAVE_MKOSTEMP 1
| #define HAVE_MOUNT 1
| #define HAVE_UMOUNT 1
| #define HAVE_UMOUNT2 1
| #define HAVE_GETENTROPY 1
| #define HAVE_STDIO_H 1
| #define HAVE_STDLIB_H 1
| #define HAVE_STRING_H 1
| #define HAVE_INTTYPES_H 1
| #define HAVE_STDINT_H 1
| #define HAVE_STRINGS_H 1
| #define HAVE_SYS_STAT_H 1
| #define HAVE_SYS_TYPES_H 1
| #define HAVE_UNISTD_H 1
| #define STDC_HEADERS 1
| #define HAVE_SENDFILE 1
| #define USE_INET6 1
| #define HAVE_LIBC 1
| #define HAVE_XATTR 1
| #define HAVE_LIBC 1
| #define HAVE_UNSHARE 1
| #define HAVE_LIBC 1
| #define HAVE_SETNS 1
| #define HAVE_LIBCRYPTO 1
| /* end confdefs.h.  */
| 
| /* Override any GCC internal prototype to avoid an error.
|    Use char because int might match the return type of a GCC
|    builtin and then its argument prototype would still apply.  */
| char SSL_library_init ();
| int
| main (void)
| {
| return SSL_library_init ();
|   ;
|   return 0;
| }
configure:4456: result: no
configure:4470: checking for OPENSSL_init_ssl in -lssl
configure:4493: gcc -o conftest -g -O2   conftest.c -lssl  -lcrypto -lc -lc -lc -lc  >&5
configure:4493: $? = 0
configure:4503: result: yes
configure:4522: checking for OpenSSL_add_all_algorithms
configure:4522: gcc -o conftest -g -O2   conftest.c -lssl -lcrypto -lc -lc -lc -lc  >&5
/usr/bin/ld: /tmp/ccwZfBU2.o: in function `main':
/home/colum/work/filewatch/libUseful/conftest.c:72: undefined reference to `OpenSSL_add_all_algorithms'
collect2: error: ld returned 1 exit status
configure:4522: $? = 1
configure: failed program was:
| /* confdefs.h */
| #define PACKAGE_NAME ""
| #define PACKAGE_TARNAME ""
| #define PACKAGE_VERSION ""
| #define PACKAGE_STRING ""
| #define PACKAGE_BUGREPORT ""
| #define PACKAGE_URL ""
| #define HAVE_LIBC 1
| #define HAVE_GET_CURR_DIR 1
| #define HAVE_PTSNAME_R 1
| #define HAVE_CLEARENV 1
| #define HAVE_SETRESUID 1
| #define HAVE_INITGROUPS 1
| #define HAVE_POLL 1
| #define HAVE_MLOCK 1
| #define HAVE_MLOCKALL 1
| #define HAVE_MUNLOCKALL 1
| #define HAVE_MADVISE 1
| #define HAVE_MKOSTEMP 1
| #define HAVE_MOUNT 1
| #define HAVE_UMOUNT 1
| #define HAVE_UMOUNT2 1
| #define HAVE_GETENTROPY 1
| #define HAVE_STDIO_H 1
| #define HAVE_STDLIB_H 1
| #define HAVE_STRING_H 1
| #define HAVE_INTTYPES_H 1
| #define HAVE_STDINT_H 1
| #define HAVE_STRINGS_H 1
| #define HAVE_SYS_STAT_H 1
| #define HAVE_SYS_TYPES_H 1
| #define HAVE_UNISTD_H 1
| #define STDC_HEADERS 1
| #define HAVE_SENDFILE 1
| #define USE_INET6 1
| #define HAVE_LIBC 1
| #define HAVE_XATTR 1
| #define HAVE_LIBC 1
| #define HAVE_UNSHARE 1
| #define HAVE_LIBC 1
| #define HAVE_SETNS 1
| #define HAVE_LIBCRYPTO 1
| #define HAVE_LIBSSL 1
| /* end confdefs.h.  */
| /* Define OpenSSL_add_all_algorithms to an innocuous variant, in case <limits.h> declares OpenSSL_add_all_algorithms.
|    For example, HP-UX 11i <limits.h> declares gettimeofday.  */
| #define OpenSSL_add_all_algorithms innocuous_OpenSSL_add_all_algorithms
| 
| /* System header to define __stub macros and hopefully few prototypes,
|    which can conflict with char OpenSSL_add_all_algorithms (); below.  */
| 
| #include <limits.h>
| #undef OpenSSL_add_all_algorithms
| 
| /* Override any GCC internal prototype to avoid an error.
|    Use char because int might match the return type of a GCC
|    builtin and then its argument prototype would still apply.  */
| #ifdef __cplusplus
| extern "C"
| #endif
| char OpenSSL_add_all_algorithms ();
| /* The GNU C library defines this for functions which it implements
|     to always fail with ENOSYS.  Some functions are actually named
|     something starting with __ and the normal name is an alias.  */
| #if defined __stub_OpenSSL_add_all_algorithms || defined __stub___OpenSSL_add_all_algorithms
| choke me
| #endif
| 
| int
| main (void)
| {
| return OpenSSL_add_all_algorithms ();
|   ;
|   return 0;
| }
configure:4522: result: no
configure:4528: checking for EVP_MD_CTX_create
configure:4528: gcc -o conftest -g -O2   conftest.c -lssl -lcrypto -lc -lc -lc -lc  >&5
/usr/bin/ld: /tmp/ccHDZEcf.o: in function `main':
/home/colum/work/filewatch/libUseful/conftest.c:72: undefined reference to `EVP_MD_CTX_create'
collect2: error: ld returned 1 exit status
configure:4528: $? = 1
configure: failed program was:
| /* confdefs.h */
| #define PACKAGE_NAME ""
| #define PACKAGE_TARNAME ""
| #define PACKAGE_VERSION ""
| #define PACKAGE_STRING ""
| #define PACKAGE_BUGREPORT ""
| #define PACKAGE_URL ""
| #define HAVE_LIBC 1
| #define HAVE_GET_CURR_DIR 1
| #define HAVE_PTSNAME_R 1
| #define HAVE_CLEARENV 1
| #define HAVE_SETRESUID 1
| #define HAVE_INITGROUPS 1
| #define HAVE_POLL 1
| #define HAVE_MLOCK 1
| #define HAVE_MLOCKALL 1
| #define HAVE_MUNLOCKALL 1
| #define HAVE_MADVISE 1
| #define HAVE_MKOSTEMP 1
| #define HAVE_MOUNT 1
| #define HAVE_UMOUNT 1
| #define HAVE_UMOUNT2 1
| #define HAVE_GETENTROPY 1
| #define HAVE_STDIO_H 1
| #define HAVE_STDLIB_H 1
| #define HAVE_STRING_H 1
| #define HAVE_INTTYPES_H 1
| #define HAVE_STDINT_H 1
| #define HAVE_STRINGS_H 1
| #define HAVE_SYS_STAT_H 1
| #define HAVE_SYS_TYPES_H 1
| #define HAVE_UNISTD_H 1
| #define STDC_HEADERS 1
| #define HAVE_SENDFILE 1
| #define USE_INET6 1
| #define HAVE_LIBC 1
| #define HAVE_XATTR 1
| #define HAVE_LIBC 1
| #define HAVE_UNSHARE 1
| #define HAVE_LIBC 1
| #define HAVE_SETNS 1
| #define HAVE_LIBCRYPTO 1
| #define HAVE_LIBSSL 1
| /* end confdefs.h.  */
| /* Define EVP_MD_CTX_create to an innocuous variant, in case <limits.h> declares EVP_MD_CTX_create.
|    For example, HP-UX 11i <limits.h> declares gettimeofday.  */
| #define EVP_MD_CTX_create innocuous_EVP_MD_CTX_create
| 
| /* System header to define __stub macros and hopefully few prototypes,
|    which can conflict with char EVP_MD_CTX_create (); below.  */
| 
| #include <limits.h>
| #undef EVP_MD_CTX_create
| 
| /* Override any GCC internal prototype to avoid an error.
|    Use char because int might match the return type of a GCC
|    builtin and then its argument prototype would still apply.  */
| #ifdef __cplusplus
| extern "C"
| #endif
| char EVP_MD_CTX_create ();
| /* The GNU C library defines this for functions which it implements
|     to always fail with ENOSYS.  Some functions are actually named
|     something starting with __ and the normal name is an alias.  */
| #if defined __stub_EVP_MD_CTX_create || defined __stub___EVP_MD_CTX_create
| choke me
| #endif
| 
| int
| main (void)
| {
| return EVP_MD_CTX_create ();
|   ;
|   return 0;
| }
configure:4528: result: no
configure:4534: checking for EVP_MD_CTX_new
configure:4534: gcc -o conftest -g -O2   conftest.c -lssl -lcrypto -lc -lc -lc -lc  >&5
configure:4534: $? = 0
configure:4534: result: yes
configure:4540: checking for EVP_MD_CTX_destroy
configure:4540: gcc -o conftest -g -O2   conftest.c -lssl -lcrypto -lc -lc -lc -lc  >&5
/usr/bin/ld: /tmp/cc0MbD7H.o: in function `main':
/home/colum/work/filewatch/libUseful/conftest.c:73: undefined reference to `EVP_MD_CTX_destroy'
collect2: error: ld returned 1 exit status
configure:4540: $? = 1
configure: failed program was:
| /* confdefs.h */
| #define PACKAGE_NAME ""
| #define PACKAGE_TARNAME ""
| #define PACKAGE_VERSION ""
| #define PACKAGE_STRING ""
| #define PACKAGE_BUGREPORT ""
| #define PACKAGE_URL ""
| #define HAVE_LIBC 1
| #define HAVE_GET_CURR_DIR 1
| #define HAVE_PTSNAME_R 1
| #define HAVE_CLEARENV 1
| #define HAVE_SETRESUID 1
| #define HAVE_INITGROUPS 1
| #define HAVE_POLL 1
| #define HAVE_MLOCK 1
| #define HAVE_MLOCKALL 1
| #define HAVE_MUNLOCKALL 1
| #define HAVE_MADVISE 1
| #define HAVE_MKOSTEMP 1
| #define HAVE_MOUNT 1
| #define HAVE_UMOUNT 1
| #define HAVE_UMOUNT2 1
| #define HAVE_GETENTROPY 1
| #define HAVE_STDIO_H 1
| #define HAVE_STDLIB_H 1
| #define HAVE_STRING_H 1
| #define HAVE_INTTYPES_H 1
| #define HAVE_STDINT_H 1
| #define HAVE_STRINGS_H 1
| #define HAVE_SYS_STAT_H 1
| #define HAVE_SYS_TYPES_H 1
| #define HAVE_UNISTD_H 1
| #define STDC_HEADERS 1
| #define HAVE_SENDFILE 1
| #define USE_INET6 1
| #define HAVE_LIBC 1
| #define HAVE_XATTR 1
| #define HAVE_LIBC 1
| #define HAVE_UNSHARE 1
| #define HAVE_LIBC 1
| #define HAVE_SETNS 1
| #define HAVE_LIBCRYPTO 1
| #define HAVE_LIBSSL 1
| #define HAVE_EVP_MD_CTX_NEW 1
| /* end confdefs.h.  */
| /* Define EVP_MD_CTX_destroy to an innocuous variant, in case <limits.h> declares EVP_MD_CTX_destroy.
|    For example, HP-UX 11i <limits.h> declares gettimeofday.  */
| #define EVP_MD_CTX_destroy innocuous_EVP_MD_CTX_destroy
| 
| /* System header to define __stub macros and hopefully few prototypes,
|    which can conflict with char EVP_MD_CTX_destroy (); below.  */
| 
| #include <limits.h>
| #undef EVP_MD_CTX_destroy
| 
| /* Override any GCC internal prototype to avoid an error.
|    Use char because int might match the return type of a GCC
|    builtin and then its argument prototype would still apply.  */
| #ifdef __cplusplus
| extern "C"
| #endif
| char EVP_MD_CTX_destroy ();
| /* The GNU C library defines this for functions which it implements
|     to always fail with ENOSYS.  Some functions are actually named
|     something starting with __ and the normal name is an alias.  */
| #if defined __stub_EVP_MD_CTX_destroy || defined __stub___EVP_MD_CTX_destroy
| choke me
| #endif
| 
| int
| main (void)
| {
| return EVP_MD_CTX_destroy ();
|   ;
|   return 0;
| }
configure:4540: result: no
configure:4546: checking for EVP_MD_CTX_free
configure:4546: gcc -o conftest -g -O2   conftest.c -lssl -lcrypto -lc -lc -lc -lc  >&5
configure:4546: $? = 0
configure:4546: result: yes
configure:4552: checking for EVP_bf_cbc
configure:4552: gcc -o conftest -g -O2   conftest.c -lssl -lcrypto -lc -lc -lc -lc  >&5
configure:4552: $? = 0
configure:4552: result: yes
configure:4558: checking for EVP_rc2_cbc
configure:4558: gcc -o conftest -g -O2   conftest.c -lssl -lcrypto -lc -lc -lc -lc  >&5
configure:4558: $? = 0
configure:4558: result: yes
configure:4564: checking for EVP_rc4
configure:4564: gcc -o conftest -g -O2   conftest.c -lssl -lcrypto -lc -lc -lc -lc  >&5
configure:4564: $? = 0
configure:4564: result: yes
configure:4570: checking for EVP_rc5_32_12_16_cbc
configure:4570: gcc -o conftest -g -O2   conftest.c -lssl -lcrypto -lc -lc -lc -lc  >&5
/usr/bin/ld: /tmp/ccVvITdO.o: in function `main':
/home/colum/work/filewatch/libUseful/conftest.c:77: undefined reference to `EVP_rc5_32_12_16_cbc'
collect2: error: ld returned 1 exit status
configure:4570: $? = 1
configure: failed program was:
| /* confdefs.h */
| #define PACKAGE_NAME ""
| #define PACKAGE_TARNAME ""
| #define PACKAGE_VERSION ""
| #define PACKAGE_STRING ""
| #define PACKAGE_BUGREPORT ""
| #define PACKAGE_URL ""
| #define HAVE_LIBC 1
| #define HAVE_GET_CURR_DIR 1
| #define HAVE_PTSNAME_R 1
| #define HAVE_CLEARENV 1
| #define HAVE_SETRESUID 1
| #define HAVE_INITGROUPS 1
| #define HAVE_POLL 1
| #define HAVE_MLOCK 1
| #define HAVE_MLOCKALL 1
| #define HAVE_MUNLOCKALL 1
| #define HAVE_MADVISE 1
| #define HAVE_MKOSTEMP 1
| #define HAVE_MOUNT 1
| #define HAVE_UMOUNT 1
| #define HAVE_UMOUNT2 1
| #define HAVE_GETENTROPY 1
| #define HAVE_STDIO_H 1
| #define HAVE_STDLIB_H 1
| #define HAVE_STRING_H 1
| #define HAVE_INTTYPES_H 1
| #define HAVE_STDINT_H 1
| #define HAVE_STRINGS_H 1
| #define HAVE_SYS_STAT_H 1
| #define HAVE_SYS_TYPES_H 1
| #define HAVE_UNISTD_H 1
| #define STDC_HEADERS 1
| #define HAVE_SENDFILE 1
| #define USE_INET6 1
| #define HAVE_LIBC 1
| #define HAVE_XATTR 1
| #define HAVE_LIBC 1
| #define HAVE_UNSHARE 1
| #define HAVE_LIBC 1
| #define HAVE_SETNS 1
| #define HAVE_LIBCRYPTO 1
| #define HAVE_LIBSSL 1
| #define HAVE_EVP_MD_CTX_NEW 1
| #define HAVE_EVP_MD_CTX_FREE 1
| #define HAVE_EVP_BF_CBC 1
| #define HAVE_EVP_RC2_CBC 1
| #define HAVE_EVP_RC4 1
| /* end confdefs.h.  */
| /* Define EVP_rc5_32_12_16_cbc to an innocuous variant, in case <limits.h> declares EVP_rc5_32_12_16_cbc.
|    For example, HP-UX 11i <limits.h> declares gettimeofday.  */
| #define EVP_rc5_32_12_16_cbc innocuous_EVP_rc5_32_12_16_cbc
| 
| /* System header to define __stub macros and hopefully few prototypes,
|    which can conflict with char EVP_rc5_32_12_16_cbc (); below.  */
| 
| #include <limits.h>
| #undef EVP_rc5_32_12_16_cbc
| 
| /* Override any GCC internal prototype to avoid an error.
|    Use char because int might match the return type of a GCC
|    builtin and then its argument prototype would still apply.  */
| #ifdef __cplusplus
| extern "C"
| #endif
| char EVP_rc5_32_12_16_cbc ();
| /* The GNU C library defines this for functions which it implements
|     to always fail with ENOSYS.  Some functions are actually named
|     something starting with __ and the normal name is an alias.  */
| #if defined __stub_EVP_rc5_32_12_16_cbc || defined __stub___EVP_rc5_32_12_16_cbc
| choke me
| #endif
| 
| int
| main (void)
| {
| return EVP_rc5_32_12_16_cbc ();
|   ;
|   return 0;
| }
configure:4570: result: no
configure:4576: checking for EVP_des_cbc
configure:4576: gcc -o conftest -g -O2   conftest.c -lssl -lcrypto -lc -lc -lc -lc  >&5
configure:4576: $? = 0
configure:4576: result: yes
configure:4582: checking for EVP_desx_cbc
configure:4582: gcc -o conftest -g -O2   conftest.c -lssl -lcrypto -lc -lc -lc -lc  >&5
configure:4582: $? = 0
configure:4582: result: yes
configure:4588: checking for EVP_cast5_cbc
configure:4588: gcc -o conftest -g -O2   conftest.c -lssl -lcrypto -lc -lc -lc -lc  >&5
configure:4588: $? = 0
configure:4588: result: yes
configure:4594: checking for EVP_idea_cbc
configure:4594: gcc -o conftest -g -O2   conftest.c -lssl -lcrypto -lc -lc -lc -lc  >&5
/usr/bin/ld: /tmp/ccDk5TG9.o: in function `main':
/home/colum/work/filewatch/libUseful/conftest.c:80: undefined reference to `EVP_idea_cbc'
collect2: error: ld returned 1 exit status
configure:4594: $? = 1
configure: failed program was:
| /* confdefs.h */
| #define PACKAGE_NAME ""
| #define PACKAGE_TARNAME ""
| #define PACKAGE_VERSION ""
| #define PACKAGE_STRING ""
| #define PACKAGE_BUGREPORT ""
| #define PACKAGE_URL ""
| #define HAVE_LIBC 1
| #define HAVE_GET_CURR_DIR 1
| #define HAVE_PTSNAME_R 1
| #define HAVE_CLEARENV 1
| #define HAVE_SETRESUID 1
| #define HAVE_INITGROUPS 1
| #define HAVE_POLL 1
| #define HAVE_MLOCK 1
| #define HAVE_MLOCKALL 1
| #define HAVE_MUNLOCKALL 1
| #define HAVE_MADVISE 1
| #define HAVE_MKOSTEMP 1
| #define HAVE_MOUNT 1
| #define HAVE_UMOUNT 1
| #define HAVE_UMOUNT2 1
| #define HAVE_GETENTROPY 1
| #define HAVE_STDIO_H 1
| #define HAVE_STDLIB_H 1
| #define HAVE_STRING_H 1
| #define HAVE_INTTYPES_H 1
| #define HAVE_STDINT_H 1
| #define HAVE_STRINGS_H 1
| #define HAVE_SYS_STAT_H 1
| #define HAVE_SYS_TYPES_H 1
| #define HAVE_UNISTD_H 1
| #define STDC_HEADERS 1
| #define HAVE_SENDFILE 1
| #define USE_INET6 1
| #define HAVE_LIBC 1
| #define HAVE_XATTR 1
| #define HAVE_LIBC 1
| #define HAVE_UNSHARE 1
| #define HAVE_LIBC 1
| #define HAVE_SETNS 1
| #define HAVE_LIBCRYPTO 1
| #define HAVE_LIBSSL 1
| #define HAVE_EVP_MD_CTX_NEW 1
| #define HAVE_EVP_MD_CTX_FREE 1
| #define HAVE_EVP_BF_CBC 1
| #define HAVE_EVP_RC2_CBC 1
| #define HAVE_EVP_RC4 1
| #define HAVE_EVP_DES_CBC 1
| #define HAVE_EVP_DESX_CBC 1
| #define HAVE_EVP_CAST5_CBC 1
| /* end confdefs.h.  */
| /* Define EVP_idea_cbc to an innocuous variant, in case <limits.h> declares EVP_idea_cbc.
|    For example, HP-UX 11i <limits.h> declares gettimeofday.  */
| #define EVP_idea_cbc innocuous_EVP_idea_cbc
| 
| /* System header to define __stub macros and hopefully few prototypes,
|    which can conflict with char EVP_idea_cbc (); below.  */
| 
| #include <limits.h>
| #undef EVP_idea_cbc
| 
| /* Override any GCC internal prototype to avoid an error.
|    Use char because int might match the return type of a GCC
|    builtin and then its argument prototype would still apply.  */
| #ifdef __cplusplus
| extern "C"
| #endif
| char EVP_idea_cbc ();
| /* The GNU C library defines this for functions which it implements
|     to always fail with ENOSYS.  Some functions are actually named
|     something starting with __ and the normal name is an alias.  */
| #if defined __stub_EVP_idea_cbc || defined __stub___EVP_idea_cbc
| choke me
| #endif
| 
| int
| main (void)
| {
| return EVP_idea_cbc ();
|   ;
|   return 0;
| }
configure:4594: result: no
configure:4600: checking for EVP_aes_128_cbc
configure:4600: gcc -o conftest -g -O2   conftest.c -lssl -lcrypto -lc -lc -lc -lc  >&5
configure:4600: $? = 0
configure:4600: result: yes
configure:4606: checking for EVP_aes_256_cbc
configure:4606: gcc -o conftest -g -O2   conftest.c -lssl -lcrypto -lc -lc -lc -lc  >&5
configure:4606: $? = 0
configure:4606: result: yes
configure:4612: checking for X509_check_host
configure:4612: gcc -o conftest -g -O2   conftest.c -lssl -lcrypto -lc -lc -lc -lc  >&5
configure:4612: $? = 0
configure:4612: result: yes
configure:4618: checking for SSL_set_tlsext_host_name
configure:4618: gcc -o conftest -g -O2   conftest.c -lssl -lcrypto -lc -lc -lc -lc  >&5
/usr/bin/ld: /tmp/cc3JLQsM.o: in function `main':
/home/colum/work/filewatch/libUseful/conftest.c:83: undefined reference to `SSL_set_tlsext_host_name'
collect2: error: ld returned 1 exit status
configure:4618: $? = 1
configure: failed program was:
| /* confdefs.h */
| #define PACKAGE_NAME ""
| #define PACKAGE_TARNAME ""
| #define PACKAGE_VERSION ""
| #define PACKAGE_STRING ""
| #define PACKAGE_BUGREPORT ""
| #define PACKAGE_URL ""
| #define HAVE_LIBC 1
| #define HAVE_GET_CURR_DIR 1
| #define HAVE_PTSNAME_R 1
| #define HAVE_CLEARENV 1
| #define HAVE_SETRESUID 1
| #define HAVE_INITGROUPS 1
| #define HAVE_POLL 1
| #define HAVE_MLOCK 1
| #define HAVE_MLOCKALL 1
| #define HAVE_MUNLOCKALL 1
| #define HAVE_MADVISE 1
| #define HAVE_MKOSTEMP 1
| #define HAVE_MOUNT 1
| #define HAVE_UMOUNT 1
| #define HAVE_UMOUNT2 1
| #define HAVE_GETENTROPY 1
| #define HAVE_STDIO_H 1
| #define HAVE_STDLIB_H 1
| #define HAVE_STRING_H 1
| #define HAVE_INTTYPES_H 1
| #define HAVE_STDINT_H 1
| #define HAVE_STRINGS_H 1
| #define HAVE_SYS_STAT_H 1
| #define HAVE_SYS_TYPES_H 1
| #define HAVE_UNISTD_H 1
| #define STDC_HEADERS 1
| #define HAVE_SENDFILE 1
| #define USE_INET6 1
| #define HAVE_LIBC 1
| #define HAVE_XATTR 1
| #define HAVE_LIBC 1
| #define HAVE_UNSHARE 1
| #define HAVE_LIBC 1
| #define HAVE_SETNS 1
| #define HAVE_LIBCRYPTO 1
| #define HAVE_LIBSSL 1
| #define HAVE_EVP_MD_CTX_NEW 1
| #define HAVE_EVP_MD_CTX_FREE 1
| #define HAVE_EVP_BF_CBC 1
| #define HAVE_EVP_RC2_CBC 1
| #define HAVE_EVP_RC4 1
| #define HAVE_EVP_DES_CBC 1
| #define HAVE_EVP_DESX_CBC 1
| #define HAVE_EVP_CAST5_CBC 1
| #define HAVE_EVP_AES_128_CBC 1
| #define HAVE_EVP_AES_256_CBC 1
| #define HAVE_X509_CHECK_HOST 1
| /* end confdefs.h.  */
| /* Define SSL_set_tlsext_host_name to an innocuous variant, in case <limits.h> declares SSL_set_tlsext_host_name.
|    For example, HP-UX 11i <limits.h> declares gettimeofday.  */
| #define SSL_set_tlsext_host_name innocuous_SSL_set_tlsext_host_name
| 
| /* System header to define __stub macros and hopefully few prototypes,
|    which can conflict with char SSL_set_tlsext_host_name (); below.  */
| 
| #include <limits.h>
| #undef SSL_set_tlsext_host_name
| 
| /* Override any GCC internal prototype to avoid an error.
|    Use char because int might match the return type of a GCC
|    builtin and then its argument prototype would still apply.  */
| #ifdef __cplusplus
| extern "C"
| #endif
| char SSL_set_tlsext_host_name ();
| /* The GNU C library defines this for functions which it implements
|     to always fail with ENOSYS.  Some functions are actually named
|     something starting with __ and the normal name is an alias.  */
| #if defined __stub_SSL_set_tlsext_host_name || defined __stub___SSL_set_tlsext_host_name
| choke me
| #endif
| 
| int
| main (void)
| {
| return SSL_set_tlsext_host_name ();
|   ;
|   return 0;
| }
configure:4618: result: no
configure:4624: checking for SSL_set_min_proto_version
configure:4624: gcc -o conftest -g -O2   conftest.c -lssl -lcrypto -lc -lc -lc -lc  >&5
/usr/bin/ld: /tmp/cc6xGBzq.o: in function `main':
/home/colum/work/filewatch/libUseful/conftest.c:83: undefined reference to `SSL_set_min_proto_version'
collect2: error: ld returned 1 exit status
configure:4624: $? = 1
configure: failed program was:
| /* confdefs.h */
| #define PACKAGE_NAME ""
| #define PACKAGE_TARNAME ""
| #define PACKAGE_VERSION ""
| #define PACKAGE_STRING ""
| #define PACKAGE_BUGREPORT ""
| #define PACKAGE_URL ""
| #define HAVE_LIBC 1
| #define HAVE_GET_CURR_DIR 1
| #define HAVE_PTSNAME_R 1
| #define HAVE_CLEARENV 1
| #define HAVE_SETRESUID 1
| #define HAVE_INITGROUPS 1
| #define HAVE_POLL 1
| #define HAVE_MLOCK 1
| #define HAVE_MLOCKALL 1
| #define HAVE_MUNLOCKALL 1
| #define HAVE_MADVISE 1
| #define HAVE_MKOSTEMP 1
| #define HAVE_MOUNT 1
| #define HAVE_UMOUNT 1
| #define HAVE_UMOUNT2 1
| #define HAVE_GETENTROPY 1
| #define HAVE_STDIO_H 1
| #define HAVE_STDLIB_H 1
| #define HAVE_STRING_H 1
| #define HAVE_INTTYPES_H 1
| #define HAVE_STDINT_H 1
| #define HAVE_STRINGS_H 1
| #define HAVE_SYS_STAT_H 1
| #define HAVE_SYS_TYPES_H 1
| #define HAVE_UNISTD_H 1
| #define STDC_HEADERS 1
| #define HAVE_SENDFILE 1
| #define USE_INET6 1
| #define HAVE_LIBC 1
| #define HAVE_XATTR 1
| #define HAVE_LIBC 1
| #define HAVE_UNSHARE 1
| #define HAVE_LIBC 1
| #define HAVE_SETNS 1
| #define HAVE_LIBCRYPTO 1
| #define HAVE_LIBSSL 1
| #define HAVE_EVP_MD_CTX_NEW 1
| #define HAVE_EVP_MD_CTX_FREE 1
| #define HAVE_EVP_BF_CBC 1
| #define HAVE_EVP_RC2_CBC 1
| #define HAVE_EVP_RC4 1
| #define HAVE_EVP_DES_CBC 1
| #define HAVE_EVP_DESX_CBC 1
| #define HAVE_EVP_CAST5_CBC 1
| #define HAVE_EVP_AES_128_CBC 1
| #define HAVE_EVP_AES_256_CBC 1
| #define HAVE_X509_CHECK_HOST 1
| /* end confdefs.h.  */
| /* Define SSL_set_min_proto_version to an innocuous variant, in case <limits.h> declares SSL_set_min_proto_version.
|    For example, HP-UX 11i <limits.h> declares gettimeofday.  */
| #define SSL_set_min_proto_version innocuous_SSL_set_min_proto_version
| 
| /* System header to define __stub macros and hopefully few prototypes,
|    which can conflict with char SSL_set_min_proto_version (); below.  */
| 
| #include <limits.h>
| #undef SSL_set_min_proto_version
| 
| /* Override any GCC internal prototype to avoid an error.
|    Use char because int might match the return type of a GCC
|    builtin and then its argument prototype would still apply.  */
| #ifdef __cplusplus
| extern "C"
| #endif
| char SSL_set_min_proto_version ();
| /* The GNU C library defines this for functions which it implements
|     to always fail with ENOSYS.  Some functions are actually named
|     something starting with __ and the normal name is an alias.  */
| #if defined __stub_SSL_set_min_proto_version || defined __stub___SSL_set_min_proto_version
| choke me
| #endif
| 
| int
| main (void)
| {
| return SSL_set_min_proto_version ();
|   ;
|   return 0;
| }
configure:4624: result: no
configure:4633: checking for gcc options needed to detect all undeclared functions
configure:4655: gcc -c -g -O2   conftest.c >&5
conftest.c: In function 'main':
conftest.c:60:8: error: 'strchr' undeclared (first use in this function)
   60 | (void) strchr;
      |        ^~~~~~
conftest.c:1:1: note: 'strchr' is defined in header '<string.h>'; did you forget to '#include <string.h>'?
    1 | /* confdefs.h */
conftest.c:60:8: note: each undeclared identifier is reported only once for each function it appears in
   60 | (void) strchr;
      |        ^~~~~~
configure:4655: $? = 1
configure: failed program was:
| /* confdefs.h */
| #define PACKAGE_NAME ""
| #define PACKAGE_TARNAME ""
| #define PACKAGE_VERSION ""
| #define PACKAGE_STRING ""
| #define PACKAGE_BUGREPORT ""
| #define PACKAGE_URL ""
| #define HAVE_LIBC 1
| #define HAVE_GET_CURR_DIR 1
| #define HAVE_PTSNAME_R 1
| #define HAVE_CLEARENV 1
| #define HAVE_SETRESUID 1
| #define HAVE_INITGROUPS 1
| #define HAVE_POLL 1
| #define HAVE_MLOCK 1
| #define HAVE_MLOCKALL 1
| #define HAVE_MUNLOCKALL 1
| #define HAVE_MADVISE 1
| #define HAVE_MKOSTEMP 1
| #define HAVE_MOUNT 1
| #define HAVE_UMOUNT 1
| #define HAVE_UMOUNT2 1
| #define HAVE_GETENTROPY 1
| #define HAVE_STDIO_H 1
| #define HAVE_STDLIB_H 1
| #define HAVE_STRING_H 1
| #define HAVE_INTTYPES_H 1
| #define HAVE_STDINT_H 1
| #define HAVE_STRINGS_H 1
| #define HAVE_SYS_STAT_H 1
| #define HAVE_SYS_TYPES_H 1
| #define HAVE_UNISTD_H 1
| #define STDC_HEADERS 1
| #define HAVE_SENDFILE 1
| #define USE_INET6 1
| #define HAVE_LIBC 1
| #define HAVE_XATTR 1
| #define HAVE_LIBC 1
| #define HAVE_UNSHARE 1
| #define HAVE_LIBC 1
| #define HAVE_SETNS 1
| #define HAVE_LIBCRYPTO 1
| #define HAVE_LIBSSL 1
| #define HAVE_EVP_MD_CTX_NEW 1
| #define HAVE_EVP_MD_CTX_FREE 1
| #define HAVE_EVP_BF_CBC 1
| #define HAVE_EVP_RC2_CBC 1
| #define HAVE_EVP_RC4 1
| #define HAVE_EVP_DES_CBC 1
| #define HAVE_EVP_DESX_CBC 1
| #define HAVE_EVP_CAST5_CBC 1
| #define HAVE_EVP_AES_128_CBC 1
| #define HAVE_EVP_AES_256_CBC 1
| #define HAVE_X509_CHECK_HOST 1
| /* end confdefs.h.  */
| 
| int
| main (void)
| {
| (void) strchr;
|   ;
|   return 0;
| }
configure:4682: gcc -c -g -O2   conftest.c >&5
configure:4682: $? = 0
configure:4699: result: none needed
configure:4713: checking whether OpenSSL_add_all_algorithms is declared
configure:4713: gcc -c -g -O2   conftest.c >&5
configure:4713: $? = 0
configure:4713: result: yes
configure:4728: checking whether SSL_set_tlsext_host_name is declared
configure:4728: gcc -c -g -O2   conftest.c >&5
configure:4728: $? = 0
configure:4728: result: yes
configure:4744: checking that OpenSSL Library is at least version 0.9.7
configure:4751: checking how to run the C preprocessor
configure:4777: gcc -E  conftest.c
configure:4777: $? = 0
configure:4792: gcc -E  conftest.c
conftest.c:60:10: fatal error: ac_nonexistent.h: No such file or directory
   60 | #include <ac_nonexistent.h>
      |          ^~~~~~~~~~~~~~~~~~
compilation terminated.
configure:4792: $? = 1
configure: failed program was:
| /* confdefs.h */
| #define PACKAGE_NAME ""
| #define PACKAGE_TARNAME ""
| #define PACKAGE_VERSION ""
| #define PACKAGE_STRING ""
| #define PACKAGE_BUGREPORT ""
| #define PACKAGE_URL ""
| #define HAVE_LIBC 1
| #define HAVE_GET_CURR_DIR 1
| #define HAVE_PTSNAME_R 1
| #define HAVE_CLEARENV 1
| #define HAVE_SETRESUID 1
| #define HAVE_INITGROUPS 1
| #define HAVE_POLL 1
| #define HAVE_MLOCK 1
| #define HAVE_MLOCKALL 1
| #define HAVE_MUNLOCKALL 1
| #define HAVE_MADVISE 1
| #define HAVE_MKOSTEMP 1
| #define HAVE_MOUNT 1
| #define HAVE_UMOUNT 1
| #define HAVE_UMOUNT2 1
| #define HAVE_GETENTROPY 1
| #define HAVE_STDIO_H 1
| #define HAVE_STDLIB_H 1
| #define HAVE_STRING_H 1
| #define HAVE_INTTYPES_H 1
| #define HAVE_STDINT_H 1
| #define HAVE_STRINGS_H 1
| #define HAVE_SYS_STAT_H 1
| #define HAVE_SYS_TYPES_H 1
| #define HAVE_UNISTD_H 1
| #define STDC_HEADERS 1
| #define HAVE_SENDFILE 1
| #define USE_INET6 1
| #define HAVE_LIBC 1
| #define HAVE_XATTR 1
| #define HAVE_LIBC 1
| #define HAVE_UNSHARE 1
| #define HAVE_LIBC 1
| #define HAVE_SETNS 1
| #define HAVE_LIBCRYPTO 1
| #define HAVE_LIBSSL 1
| #define HAVE_EVP_MD_CTX_NEW 1
| #define HAVE_EVP_MD_CTX_FREE 1
| #define HAVE_EVP_BF_CBC 1
| #define HAVE_EVP_RC2_CBC 1
| #define HAVE_EVP_RC4 1
| #define HAVE_EVP_DES_CBC 1
| #define HAVE_EVP_DESX_CBC 1
| #define HAVE_EVP_CAST5_CBC 1
| #define HAVE_EVP_AES_128_CBC 1
| #define HAVE_EVP_AES_256_CBC 1
| #define HAVE_X509_CHECK_HOST 1
| #define HAVE_DECL_OPENSSL_ADD_ALL_ALGORITHMS 1
| #define HAVE_OPENSSL_ADD_ALL_ALGORITHMS 1
| #define HAVE_DECL_SSL_SET_TLSEXT_HOST_NAME 1
| #define HAVE_SSL_SET_TLSEXT_HOST_NAME 1
| /* end confdefs.h.  */
| #include <ac_nonexistent.h>
configure:4819: result: gcc -E
configure:4833: gcc -E  conftest.c
configure:4833: $? = 0
configure:4848: gcc -E  conftest.c
conftest.c:60:10: fatal error: ac_nonexistent.h: No such file or directory
   60 | #include <ac_nonexistent.h>
      |          ^~~~~~~~~~~~~~~~~~
compilation terminated.
configure:4848: $? = 1
configure: failed program was:
| /* confdefs.h */
| #define PACKAGE_NAME ""
| #define PACKAGE_TARNAME ""
| #define PACKAGE_VERSION ""
| #define PACKAGE_STRING ""
| #define PACKAGE_BUGREPORT ""
| #define PACKAGE_URL ""
| #define HAVE_LIBC 1
| #define HAVE_GET_CURR_DIR 1
| #define HAVE_PTSNAME_R 1
| #define HAVE_CLEARENV 1
| #define HAVE_SETRESUID 1
| #define HAVE_INITGROUPS 1
| #define HAVE_POLL 1
| #define HAVE_MLOCK 1
| #define HAVE_MLOCKALL 1
| #define HAVE_MUNLOCKALL 1
| #define HAVE_MADVISE 1
| #define HAVE_MKOSTEMP 1
| #define HAVE_MOUNT 1
| #define HAVE_UMOUNT 1
| #define HAVE_UMOUNT2 1
| #define HAVE_GETENTROPY 1
| #define HAVE_STDIO_H 1
| #define HAVE_STDLIB_H 1
| #define HAVE_STRING_H 1
| #define HAVE_INTTYPES_H 1
| #define HAVE_STDINT_H 1
| #define HAVE_STRINGS_H 1
| #define HAVE_SYS_STAT_H 1
| #define HAVE_SYS_TYPES_H 1
| #define HAVE_UNISTD_H 1
| #define STDC_HEADERS 1
| #define HAVE_SENDFILE 1
| #define USE_INET6 1
| #define HAVE_LIBC 1
| #define HAVE_XATTR 1
| #define HAVE_LIBC 1
| #define HAVE_UNSHARE 1
| #define HAVE_LIBC 1
| #define HAVE_SETNS 1
| #define HAVE_LIBCRYPTO 1
| #define HAVE_LIBSSL 1
| #define HAVE_EVP_MD_CTX_NEW 1
| #define HAVE_EVP_MD_CTX_FREE 1
| #define HAVE_EVP_BF_CBC 1
| #define HAVE_EVP_RC2_CBC 1
| #define HAVE_EVP_RC4 1
| #define HAVE_EVP_DES_CBC 1
| #define HAVE_EVP_DESX_CBC 1
| #define HAVE_EVP_CAST5_CBC 1
| #define HAVE_EVP_AES_128_CBC 1
| #define HAVE_EVP_AES_256_CBC 1
| #define HAVE_X509_CHECK_HOST 1
| #define HAVE_DECL_OPENSSL_ADD_ALL_ALGORITHMS 1
| #define HAVE_OPENSSL_ADD_ALL_ALGORITHMS 1
| #define HAVE_DECL_SSL_SET_TLSEXT_HOST_NAME 1
| #define HAVE_SSL_SET_TLSEXT_HOST_NAME 1
| /* end confdefs.h.  */
| #include <ac_nonexistent.h>
configure:4892: result: yes
configure:4924: checking for deflate in -lz
configure:4947: gcc -o conftest -g -O2   conftest.c -lz  -lssl -lcrypto -lc -lc -lc -lc  >&5
configure:4947: $? = 0
configure:4957: result: yes
configure:5209: creating ./config.status

## ---------------------- ##
## Running config.status. ##
## ---------------------- ##

This file was extended by config.status, which was
generated by GNU Autoconf 2.71.  Invocation command line was

  CONFIG_FILES    = 
  CONFIG_HEADERS  = 
  CONFIG_LINKS    = 
  CONFIG_COMMANDS = 
  $ ./config.status 

on colum-HP-ProDesk-400-G1-SFF

config.status:725: creating Makefile

## ---------------- ##
## Cache variables. ##
## ---------------- ##

ac_cv_c_compiler_gnu=yes
ac_cv_c_undeclared_builtin_options='none needed'
ac_cv_env_CC_set=
ac_cv_env_CC_value=
ac_cv_env_CFLAGS_set=
ac_cv_env_CFLAGS_value=
ac_cv_env_CPPFLAGS_set=
ac_cv_env_CPPFLAGS_value=
ac_cv_env_CPP_set=
ac_cv_env_CPP_value=
ac_cv_env_LDFLAGS_set=
ac_cv_env_LDFLAGS_value=
ac_cv_env_LIBS_set=
ac_cv_env_LIBS_value=
ac_cv_env_build_alias_set=
ac_cv_env_build_alias_value=
ac_cv_env_host_alias_set=
ac_cv_env_host_alias_value=
ac_cv_env_target_alias_set=
ac_cv_env_target_alias_value=
ac_cv_func_EVP_MD_CTX_create=no
ac_cv_func_EVP_MD_CTX_destroy=no
ac_cv_func_EVP_MD_CTX_free=yes
ac_cv_func_EVP_MD_CTX_new=yes
ac_cv_func_EVP_aes_128_cbc=yes
ac_cv_func_EVP_aes_256_cbc=yes
ac_cv_func_EVP_bf_cbc=yes
ac_cv_func_EVP_cast5_cbc=yes
ac_cv_func_EVP_des_cbc=yes
ac_cv_func_EVP_desx_cbc=yes
ac_cv_func_EVP_idea_cbc=no
ac_cv_func_EVP_rc2_cbc=yes
ac_cv_func_EVP_rc4=yes
ac_cv_func_EVP_rc5_32_12_16_cbc=no
ac_cv_func_OpenSSL_add_all_algorithms=no
ac_cv_func_SSL_set_min_proto_version=no
ac_cv_func_SSL_set_tlsext_host_name=no
ac_cv_func_X509_check_host=yes
ac_cv_func_clearenv=yes
ac_cv_func_getentropy=yes
ac_cv_func_htonll=no
ac_cv_func_initgroups=yes
ac_cv_func_madvise=yes
ac_cv_func_mkostemp=yes
ac_cv_func_mlock=yes
ac_cv_func_mlockall=yes
ac_cv_func_mount=yes
ac_cv_func_munlockall=yes
ac_cv_func_ntohll=no
ac_cv_func_poll=yes
ac_cv_func_ptsname_r=yes
ac_cv_func_sendfile=yes
ac_cv_func_setresuid=yes
ac_cv_func_umount2=yes
ac_cv_func_umount=yes
ac_cv_have_decl_OpenSSL_add_all_algorithms=yes
ac_cv_have_decl_SSL_set_tlsext_host_name=yes
ac_cv_header_inttypes_h=yes
ac_cv_header_openssl_crypto_h=yes
ac_cv_header_openssl_ssl_h=yes
ac_cv_header_stdint_h=yes
ac_cv_header_stdio_h=yes
ac_cv_header_stdlib_h=yes
ac_cv_header_string_h=yes
ac_cv_header_strings_h=yes
ac_cv_header_sys_sendfile_h=yes
ac_cv_header_sys_stat_h=yes
ac_cv_header_sys_types_h=yes
ac_cv_header_unistd_h=yes
ac_cv_lib_c_get_current_dir_name=yes
ac_cv_lib_c_getxattr=yes
ac_cv_lib_c_setns=yes
ac_cv_lib_c_unshare=yes
ac_cv_lib_crypto_EVP_CIPHER_CTX_init=no
ac_cv_lib_crypto_EVP_CIPHER_CTX_new=yes
ac_cv_lib_ssl_OPENSSL_init_ssl=yes
ac_cv_lib_ssl_SSL_library_init=no
ac_cv_lib_z_deflate=yes
ac_cv_objext=o
ac_cv_path_EGREP='/usr/bin/grep -E'
ac_cv_path_GREP=/usr/bin/grep
ac_cv_prog_CPP='gcc -E'
ac_cv_prog_ac_ct_CC=gcc
ac_cv_prog_cc_c11=
ac_cv_prog_cc_g=yes
ac_cv_prog_cc_stdc=
ac_cv_prog_make_make_set=yes
ac_cv_sys_file_offset_bits=no
ac_cv_sys_largefile_CC=no

## ----------------- ##
## Output variables. ##
## ----------------- ##

CC='gcc'
CFLAGS='-g -O2'
CPP='gcc -E'
CPPFLAGS=''
DEFS='-DPACKAGE_NAME=\"\" -DPACKAGE_TARNAME=\"\" -DPACKAGE_VERSION=\"\" -DPACKAGE_STRING=\"\" -DPACKAGE_BUGREPORT=\"\" -DPACKAGE_URL=\"\" -DHAVE_LIBC=1 -DHAVE_GET_CURR_DIR=1 -DHAVE_PTSNAME_R=1 -DHAVE_CLEARENV=1 -DHAVE_SETRESUID=1 -DHAVE_INITGROUPS=1 -DHAVE_POLL=1 -DHAVE_MLOCK=1 -DHAVE_MLOCKALL=1 -DHAVE_MUNLOCKALL=1 -DHAVE_MADVISE=1 -DHAVE_MKOSTEMP=1 -DHAVE_MOUNT=1 -DHAVE_UMOUNT=1 -DHAVE_UMOUNT2=1 -DHAVE_GETENTROPY=1 -DHAVE_STDIO_H=1 -DHAVE_STDLIB_H=1 -DHAVE_STRING_H=1 -DHAVE_INTTYPES_H=1 -DHAVE_STDINT_H=1 -DHAVE_STRINGS_H=1 -DHAVE_SYS_STAT_H=1 -DHAVE_SYS_TYPES_H=1 -DHAVE_UNISTD_H=1 -DSTDC_HEADERS=1 -DHAVE_SENDFILE=1 -DUSE_INET6=1 -DHAVE_LIBC=1 -DHAVE_XATTR=1 -DHAVE_LIBC=1 -DHAVE_UNSHARE=1 -DHAVE_LIBC=1 -DHAVE_SETNS=1 -DHAVE_LIBCRYPTO=1 -DHAVE_LIBSSL=1 -DHAVE_EVP_MD_CTX_NEW=1 -DHAVE_EVP_MD_CTX_FREE=1 -DHAVE_EVP_BF_CBC=1 -DHAVE_EVP_RC2_CBC=1 -DHAVE_EVP_RC4=1 -DHAVE_EVP_DES_CBC=1 -DHAVE_EVP_DESX_CBC=1 -DHAVE_EVP_CAST5_CBC=1 -DHAVE_EVP_AES_128_CBC=1 -DHAVE_EVP_AES_256_CBC=1 -DHAVE_X509_CHECK_HOST=1 -DHAVE_DECL_OPENSSL_ADD_ALL_ALGORITHMS=1 -DHAVE_OPENSSL_ADD_ALL_ALGORITHMS=1 -DHAVE_DECL_SSL_SET_TLSEXT_HOST_NAME=1 -DHAVE_SSL_SET_TLSEXT_HOST_NAME=1 -DHAVE_LIBZ=1'
ECHO_C=''
ECHO_N='-n'
ECHO_T=''
EGREP='/usr/bin/grep -E'
EXEEXT=''
GREP='/usr/bin/grep'
LDFLAGS=''
LIBOBJS=''
LIBS='-lz -lssl -lcrypto -lc -lc -lc -lc '
LTLIBOBJS=''
OBJEXT='o'
PACKAGE_BUGREPORT=''
PACKAGE_NAME=''
PACKAGE_STRING=''
PACKAGE_TARNAME=''
PACKAGE_URL=''
PACKAGE_VERSION=''
PATH_SEPARATOR=':'
SET_MAKE=''
SHELL='/bin/bash'
SIMD_CFLAGS=''
SONAME_FLAGS='-Wl,-soname,${SONAME}'
ac_ct_CC='gcc'
bindir='${exec_prefix}/bin'
build_alias=''
datadir='${datarootdir}'
datarootdir='${prefix}/share'
docdir='${datarootdir}/doc/${PACKAGE}'
dvidir='${docdir}'
exec_prefix='${prefix}'
host_alias=''
htmldir='${docdir}'
includedir='${prefix}/include'
infodir='${datarootdir}/info'
libdir='${exec_prefix}/lib'
libexecdir='${exec_prefix}/libexec'
localedir='${datarootdir}/locale'
localstatedir='${prefix}/var'
mandir='${datarootdir}/man'
oldincludedir='/usr/include'
pdfdir='${docdir}'
prefix='/usr/local'
program_transform_name='s,x,x,'
psdir='${docdir}'
runstatedir='${localstatedir}/run'
sbindir='${exec_prefix}/sbin'
sharedstatedir='${prefix}/com'
sysconfdir='${prefix}/etc'
target_alias=''

## ----------- ##
## confdefs.h. ##
## ----------- ##

/* confdefs.h */
#define PACKAGE_NAME ""
#define PACKAGE_TARNAME ""
#define PACKAGE_VERSION ""
#define PACKAGE_STRING ""
#define PACKAGE_BUGREPORT ""
#define PACKAGE_URL ""
#define HAVE_LIBC 1
#define HAVE_GET_CURR_DIR 1
#define HAVE_PTSNAME_R 1
#define HAVE_CLEARENV 1
#define HAVE_SETRESUID 1
#define HAVE_INITGROUPS 1
#define HAVE_POLL 1
#define HAVE_MLOCK 1
#define HAVE_MLOCKALL 1
#define HAVE_MUNLOCKALL 1
#define HAVE_MADVISE 1
#define HAVE_MKOSTEMP 1
#define HAVE_MOUNT 1
#define HAVE_UMOUNT 1
#define HAVE_UMOUNT2 1
#define HAVE_GETENTROPY 1
#define HAVE_STDIO_H 1
#define HAVE_STDLIB_H 1
#define HAVE_STRING_H 1
#define HAVE_INTTYPES_H 1
#define HAVE_STDINT_H 1
#define HAVE_STRINGS_H 1
#define HAVE_SYS_STAT_H 1
#define HAVE_SYS_TYPES_H 1
#define HAVE_UNISTD_H 1
#define STDC_HEADERS 1
#define HAVE_SENDFILE 1
#define USE_INET6 1
#define HAVE_LIBC 1
#define HAVE_XATTR 1
#define HAVE_LIBC 1
#define HAVE_UNSHARE 1
#define HAVE_LIBC 1
#define HAVE_SETNS 1
#define HAVE_LIBCRYPTO 1
#define HAVE_LIBSSL 1
#define HAVE_EVP_MD_CTX_NEW 1
#define HAVE_EVP_MD_CTX_FREE 1
#define HAVE_EVP_BF_CBC 1
#define HAVE_EVP_RC2_CBC 1
#define HAVE_EVP_RC4 1
#define HAVE_EVP_DES_CBC 1
#define HAVE_EVP_DESX_CBC 1
#define HAVE_EVP_CAST5_CBC 1
#define HAVE_EVP_AES_128_CBC 1
#define HAVE_EVP_AES_256_CBC 1
#define HAVE_X509_CHECK_HOST 1
#define HAVE_DECL_OPENSSL_ADD_ALL_ALGORITHMS 1
#define HAVE_OPENSSL_ADD_ALL_ALGORITHMS 1
#define HAVE_DECL_SSL_SET_TLSEXT_HOST_NAME 1
#define HAVE_SSL_SET_TLSEXT_HOST_NAME 1
#define HAVE_LIBZ 1

configure: exit 0
